This is pdfTeX, Version 3.141592653-2.6-1.40.24 (TeX Live 2022) (preloaded format=pdflatex 2022.4.15)  11 JAN 2024 07:01
entering extended mode
 restricted \write18 enabled.
 %&-line parsing enabled.
**oyster_reef_journal.tex
(./oyster_reef_journal.tex
LaTeX2e <2021-11-15> patch level 1
L3 programming layer <2022-02-24>
(/usr/local/texlive/2022/texmf-dist/tex/latex/base/article.cls
Document Class: article 2021/10/04 v1.4n Standard LaTeX document class
(/usr/local/texlive/2022/texmf-dist/tex/latex/base/size10.clo
File: size10.clo 2021/10/04 v1.4n Standard LaTeX file (size option)
)
\c@part=\count185
\c@section=\count186
\c@subsection=\count187
\c@subsubsection=\count188
\c@paragraph=\count189
\c@subparagraph=\count190
\c@figure=\count191
\c@table=\count192
\abovecaptionskip=\skip47
\belowcaptionskip=\skip48
\bibindent=\dimen138
)
(/usr/local/texlive/2022/texmf-dist/tex/latex/apacite/apacite.sty
Package: apacite 2013/07/21 v6.03 APA citation
\c@BibCnt=\count193
\bibleftmargin=\skip49
\bibindent=\skip50
\bibparsep=\skip51
\bibitemsep=\skip52
\biblabelsep=\skip53
)
(/usr/local/texlive/2022/texmf-dist/tex/latex/l3backend/l3backend-pdftex.def
File: l3backend-pdftex.def 2022-02-07 L3 backend support: PDF output (pdfTeX)
\l__color_backend_stack_int=\count194
\l__pdf_internal_box=\box50
)
(./oyster_reef_journal.aux)
\openout1 = `oyster_reef_journal.aux'.

LaTeX Font Info:    Checking defaults for OML/cmm/m/it on input line 18.
LaTeX Font Info:    ... okay on input line 18.
LaTeX Font Info:    Checking defaults for OMS/cmsy/m/n on input line 18.
LaTeX Font Info:    ... okay on input line 18.
LaTeX Font Info:    Checking defaults for OT1/cmr/m/n on input line 18.
LaTeX Font Info:    ... okay on input line 18.
LaTeX Font Info:    Checking defaults for T1/cmr/m/n on input line 18.
LaTeX Font Info:    ... okay on input line 18.
LaTeX Font Info:    Checking defaults for TS1/cmr/m/n on input line 18.
LaTeX Font Info:    ... okay on input line 18.
LaTeX Font Info:    Checking defaults for OMX/cmex/m/n on input line 18.
LaTeX Font Info:    ... okay on input line 18.
LaTeX Font Info:    Checking defaults for U/cmr/m/n on input line 18.
LaTeX Font Info:    ... okay on input line 18.
\c@maskedRefs=\count195

(/usr/local/texlive/2022/texmf-dist/tex/latex/apacite/english.apc
File: english.apc 2013/07/21 v6.03 apacite language file
LaTeX Info: Redefining \BPBI on input line 129.
LaTeX Info: Redefining \BHBI on input line 130.
)
LaTeX Font Info:    External font `cmex10' loaded for size
(Font)              <12> on input line 24.
LaTeX Font Info:    External font `cmex10' loaded for size
(Font)              <8> on input line 24.
LaTeX Font Info:    External font `cmex10' loaded for size
(Font)              <6> on input line 24.


LaTeX Warning: Citation `searls_oyster_2022' undefined on input line 32.

(./oyster_reef_journal.bbl [1

{/usr/local/texlive/2022/texmf-var/fonts/map/pdftex/updmap/pdftex.map}]
Underfull \hbox (badness 2277) in paragraph at lines 48--73
[]\OT1/cmr/m/n/10 Mercaldo-Allen, R., Auster, P. J., Clark, P., Dixon, M. S., E
s-tela,
 []


Underfull \hbox (badness 2653) in paragraph at lines 48--73
\OT1/cmr/m/n/10 E., Liu, Y., ... Rose, J. M.  (2023, April).  Oys-ter aqua-
 []


Underfull \hbox (badness 5681) in paragraph at lines 48--73
\OT1/cmr/m/n/10 cul-ture cages pro-vide fish habi-tat sim-i-lar to nat-u-ral st
ruc-ture
 []


Underfull \hbox (badness 7397) in paragraph at lines 48--73
\OT1/cmr/m/n/10 with min-i-mal dif-fer-ences based on farm lo-ca-tion.  \OT1/cm
r/m/it/10 Fron-tiers
 []


Underfull \hbox (badness 4168) in paragraph at lines 48--73
\OT1/cmr/m/it/10 in Ma-rine Sci-ence\OT1/cmr/m/n/10 , \OT1/cmr/m/it/10 10\OT1/c
mr/m/n/10 , 1058709.  Re-trieved 2023-11-20, from
 []


Overfull \hbox (36.99692pt too wide) in paragraph at lines 48--73
\OT1/cmtt/m/n/10 https://www.frontiersin.org/articles/10.3389/fmars.2023.105870
9/full
 []


Underfull \hbox (badness 6204) in paragraph at lines 85--106
[]\OT1/cmr/m/n/10 Newell, R. I.  (1988).  Eco-log-i-cal changes in Chesa-peake 
Bay:
 []


Underfull \hbox (badness 10000) in paragraph at lines 85--106
\OT1/cmr/m/n/10 are they the re-sult of over-har-vest-ing the Amer-i-can oys-te
r,
 []


Underfull \hbox (badness 10000) in paragraph at lines 85--106
\OT1/cmr/m/n/10 Cras-sostrea vir-ginica.  \OT1/cmr/m/it/10 Un-der-stand-ing the
 es-tu-ary: ad-vances
 []


Underfull \hbox (badness 6559) in paragraph at lines 85--106
\OT1/cmr/m/it/10 in Chesa-peake Bay re-search\OT1/cmr/m/n/10 , \OT1/cmr/m/it/10
 129\OT1/cmr/m/n/10 , 536--546.  Re-trieved from
 []


Overfull \hbox (131.4961pt too wide) in paragraph at lines 85--106
\OT1/cmtt/m/n/10 http://www.oyster-restoration.org/wp-content/uploads/2012/06/N
ewell-1988-filtering.pdf
 []

) [2] (./oyster_reef_journal.aux)

LaTeX Warning: There were undefined references.

 ) 
Here is how much of TeX's memory you used:
 908 strings out of 478268
 14444 string characters out of 5846347
 316838 words of memory out of 5000000
 19175 multiletter control sequences out of 15000+600000
 473413 words of font info for 42 fonts, out of 8000000 for 9000
 1141 hyphenation exceptions out of 8191
 34i,6n,38p,1227b,228s stack positions out of 10000i,1000n,20000p,200000b,200000s
</usr/local/texlive/2022/texmf-dist/fonts/type1/public/amsfonts/cm/cmbx12.pfb
></usr/local/texlive/2022/texmf-dist/fonts/type1/public/amsfonts/cm/cmr10.pfb><
/usr/local/texlive/2022/texmf-dist/fonts/type1/public/amsfonts/cm/cmr12.pfb></u
sr/local/texlive/2022/texmf-dist/fonts/type1/public/amsfonts/cm/cmr17.pfb></usr
/local/texlive/2022/texmf-dist/fonts/type1/public/amsfonts/cm/cmti10.pfb></usr/
local/texlive/2022/texmf-dist/fonts/type1/public/amsfonts/cm/cmtt10.pfb>
Output written on oyster_reef_journal.pdf (2 pages, 94154 bytes).
PDF statistics:
 41 PDF objects out of 1000 (max. 8388607)
 24 compressed objects within 1 object stream
 0 named destinations out of 1000 (max. 500000)
 1 words of extra memory for PDF output out of 10000 (max. 10000000)

